<?xml version="1.0" encoding="UTF-8"?>
<!-- Generated by org.testng.reporters.JUnitReportReporter -->
<testsuite hostname="DESKTOP-AIGG1MP" name="tests.NewTest" tests="1" failures="0" timestamp="15 Sep 2018 13:42:46 GMT" time="31.285" errors="0">
  <testcase name="yahooLoginTest" time="31.285" classname="tests.NewTest"/>
</testsuite> <!-- tests.NewTest -->
